{"D:\\2019\\egg\\app\\router.js": {"path":"D:\\2019\\egg\\app\\router.js","statementMap":{"0":{"start":{"line":1,"column":0},"end":{"line":5,"column":2}},"1":{"start":{"line":2,"column":33},"end":{"line":2,"column":36}},"2":{"start":{"line":3,"column":4},"end":{"line":3,"column":43}},"3":{"start":{"line":4,"column":4},"end":{"line":4,"column":46}}},"fnMap":{"0":{"name":"(anonymous_0)","decl":{"start":{"line":1,"column":17},"end":{"line":1,"column":18}},"loc":{"start":{"line":1,"column":24},"end":{"line":5,"column":1}},"line":1}},"branchMap":{},"s":{"0":1,"1":1,"2":1,"3":1},"f":{"0":1},"b":{},"_coverageSchema":"43e27e138ebf9cfc5966b082cf9a028302ed4184","hash":"299ff5f36433307cecafe36e87380aa46fac61a3","contentHash":"ddfd3d7dc5c645ae1f55cd516c2953d5ff3fe22ba4b188a866511885fde094e2"}
,"D:\\2019\\egg\\app\\controller\\home.js": {"path":"D:\\2019\\egg\\app\\controller\\home.js","statementMap":{"0":{"start":{"line":2,"column":19},"end":{"line":2,"column":44}},"1":{"start":{"line":6,"column":8},"end":{"line":6,"column":38}},"2":{"start":{"line":10,"column":0},"end":{"line":10,"column":32}}},"fnMap":{"0":{"name":"(anonymous_0)","decl":{"start":{"line":5,"column":4},"end":{"line":5,"column":5}},"loc":{"start":{"line":5,"column":18},"end":{"line":7,"column":5}},"line":5}},"branchMap":{},"s":{"0":1,"1":0,"2":1},"f":{"0":0},"b":{},"_coverageSchema":"43e27e138ebf9cfc5966b082cf9a028302ed4184","hash":"e35fbb7649f88e1474e9613f69dd818055ac6492","contentHash":"10979add6e4242538ff252b8fc7208713eaa0ae2e88e87e7443f4ed51ff14957"}
,"D:\\2019\\egg\\app\\controller\\news.js": {"path":"D:\\2019\\egg\\app\\controller\\news.js","statementMap":{"0":{"start":{"line":2,"column":19},"end":{"line":2,"column":44}},"1":{"start":{"line":6,"column":16},"end":{"line":6,"column":24}},"2":{"start":{"line":7,"column":17},"end":{"line":7,"column":36}},"3":{"start":{"line":8,"column":21},"end":{"line":8,"column":54}},"4":{"start":{"line":9,"column":4},"end":{"line":9,"column":58}},"5":{"start":{"line":13,"column":0},"end":{"line":13,"column":32}}},"fnMap":{"0":{"name":"(anonymous_0)","decl":{"start":{"line":5,"column":2},"end":{"line":5,"column":3}},"loc":{"start":{"line":5,"column":15},"end":{"line":10,"column":3}},"line":5}},"branchMap":{"0":{"loc":{"start":{"line":7,"column":17},"end":{"line":7,"column":36}},"type":"binary-expr","locations":[{"start":{"line":7,"column":17},"end":{"line":7,"column":31}},{"start":{"line":7,"column":35},"end":{"line":7,"column":36}}],"line":7}},"s":{"0":1,"1":0,"2":0,"3":0,"4":0,"5":1},"f":{"0":0},"b":{"0":[0,0]},"_coverageSchema":"43e27e138ebf9cfc5966b082cf9a028302ed4184","hash":"e707ecbdbdcad8544dd4ba8231dc9af83cfef6ca","contentHash":"02aecbdc8bb435540751244159745f97766d5aaa408fa917ae416d5640858c8f"}
,"D:\\2019\\egg\\app\\middleware\\robot.js": {"path":"D:\\2019\\egg\\app\\middleware\\robot.js","statementMap":{"0":{"start":{"line":1,"column":0},"end":{"line":12,"column":4}},"1":{"start":{"line":2,"column":4},"end":{"line":11,"column":5}},"2":{"start":{"line":3,"column":21},"end":{"line":3,"column":48}},"3":{"start":{"line":4,"column":20},"end":{"line":4,"column":58}},"4":{"start":{"line":4,"column":42},"end":{"line":4,"column":57}},"5":{"start":{"line":5,"column":6},"end":{"line":10,"column":7}},"6":{"start":{"line":6,"column":8},"end":{"line":6,"column":25}},"7":{"start":{"line":7,"column":8},"end":{"line":7,"column":40}},"8":{"start":{"line":9,"column":8},"end":{"line":9,"column":21}}},"fnMap":{"0":{"name":"(anonymous_0)","decl":{"start":{"line":1,"column":17},"end":{"line":1,"column":18}},"loc":{"start":{"line":1,"column":35},"end":{"line":12,"column":3}},"line":1},"1":{"name":"robot","decl":{"start":{"line":2,"column":26},"end":{"line":2,"column":31}},"loc":{"start":{"line":2,"column":43},"end":{"line":11,"column":5}},"line":2},"2":{"name":"(anonymous_2)","decl":{"start":{"line":4,"column":36},"end":{"line":4,"column":37}},"loc":{"start":{"line":4,"column":42},"end":{"line":4,"column":57}},"line":4}},"branchMap":{"0":{"loc":{"start":{"line":3,"column":21},"end":{"line":3,"column":48}},"type":"binary-expr","locations":[{"start":{"line":3,"column":21},"end":{"line":3,"column":42}},{"start":{"line":3,"column":46},"end":{"line":3,"column":48}}],"line":3},"1":{"loc":{"start":{"line":5,"column":6},"end":{"line":10,"column":7}},"type":"if","locations":[{"start":{"line":5,"column":6},"end":{"line":10,"column":7}},{"start":{"line":5,"column":6},"end":{"line":10,"column":7}}],"line":5}},"s":{"0":1,"1":1,"2":1,"3":1,"4":0,"5":0,"6":0,"7":0,"8":0},"f":{"0":1,"1":1,"2":0},"b":{"0":[1,0],"1":[0,0]},"_coverageSchema":"43e27e138ebf9cfc5966b082cf9a028302ed4184","hash":"eb675e63691ccfe055c12136ba804121f903dc18","contentHash":"916b2889d011e6dc27177229c445cab519e77b33b9a16bf6a4d0b73323a71076"}
,"D:\\2019\\egg\\app\\service\\news.js": {"path":"D:\\2019\\egg\\app\\service\\news.js","statementMap":{"0":{"start":{"line":2,"column":16},"end":{"line":2,"column":38}},"1":{"start":{"line":7,"column":36},"end":{"line":7,"column":52}},"2":{"start":{"line":10,"column":29},"end":{"line":17,"column":6}},"3":{"start":{"line":20,"column":21},"end":{"line":25,"column":5}},"4":{"start":{"line":22,"column":20},"end":{"line":22,"column":59}},"5":{"start":{"line":23,"column":8},"end":{"line":23,"column":56}},"6":{"start":{"line":26,"column":4},"end":{"line":26,"column":41}},"7":{"start":{"line":26,"column":31},"end":{"line":26,"column":39}},"8":{"start":{"line":30,"column":0},"end":{"line":30,"column":29}}},"fnMap":{"0":{"name":"(anonymous_0)","decl":{"start":{"line":5,"column":2},"end":{"line":5,"column":3}},"loc":{"start":{"line":5,"column":23},"end":{"line":27,"column":3}},"line":5},"1":{"name":"(anonymous_1)","decl":{"start":{"line":21,"column":30},"end":{"line":21,"column":31}},"loc":{"start":{"line":21,"column":37},"end":{"line":24,"column":7}},"line":21},"2":{"name":"(anonymous_2)","decl":{"start":{"line":26,"column":24},"end":{"line":26,"column":25}},"loc":{"start":{"line":26,"column":31},"end":{"line":26,"column":39}},"line":26}},"branchMap":{"0":{"loc":{"start":{"line":5,"column":13},"end":{"line":5,"column":21}},"type":"default-arg","locations":[{"start":{"line":5,"column":20},"end":{"line":5,"column":21}}],"line":5}},"s":{"0":1,"1":0,"2":0,"3":0,"4":0,"5":0,"6":0,"7":0,"8":1},"f":{"0":0,"1":0,"2":0},"b":{"0":[0]},"_coverageSchema":"43e27e138ebf9cfc5966b082cf9a028302ed4184","hash":"f8ed7347c4f6b82a01a511a103747cddb7a8f6fa","contentHash":"a53c32f25514ebb43cf8f466121a7c8c1ec211ad09093e5064715fbc8cc3e018"}
,"D:\\2019\\egg\\app\\service\\some.js": {"path":"D:\\2019\\egg\\app\\service\\some.js","statementMap":{"0":{"start":{"line":1,"column":17},"end":{"line":1,"column":39}},"1":{"start":{"line":6,"column":21},"end":{"line":6,"column":41}},"2":{"start":{"line":10,"column":0},"end":{"line":10,"column":29}}},"fnMap":{"0":{"name":"(anonymous_0)","decl":{"start":{"line":5,"column":4},"end":{"line":5,"column":5}},"loc":{"start":{"line":5,"column":17},"end":{"line":7,"column":5}},"line":5}},"branchMap":{},"s":{"0":1,"1":0,"2":1},"f":{"0":0},"b":{},"_coverageSchema":"43e27e138ebf9cfc5966b082cf9a028302ed4184","hash":"adb15d5921f0ac69c5e5d357cca502c76ebcbd6c","contentHash":"4e619afa4b4dba916fd6de445fee99d45596f31ca24cb02a3d4a0d505d0da928"}
,"D:\\2019\\egg\\config\\config.default.js": {"path":"D:\\2019\\egg\\config\\config.default.js","statementMap":{"0":{"start":{"line":1,"column":0},"end":{"line":1,"column":27}},"1":{"start":{"line":4,"column":0},"end":{"line":9,"column":2}},"2":{"start":{"line":13,"column":0},"end":{"line":16,"column":2}},"3":{"start":{"line":19,"column":0},"end":{"line":21,"column":2}}},"fnMap":{},"branchMap":{},"s":{"0":1,"1":1,"2":1,"3":1},"f":{},"b":{},"_coverageSchema":"43e27e138ebf9cfc5966b082cf9a028302ed4184","hash":"87b755dbf121819cab76bb854f51528e285c92f2","contentHash":"01b89befcd5e42a60ddd6d577429601bed61da5a2f6b93185544fea3b3fdd3db"}
,"D:\\2019\\egg\\config\\plugin.js": {"path":"D:\\2019\\egg\\config\\plugin.js","statementMap":{"0":{"start":{"line":1,"column":0},"end":{"line":4,"column":2}}},"fnMap":{},"branchMap":{},"s":{"0":1},"f":{},"b":{},"_coverageSchema":"43e27e138ebf9cfc5966b082cf9a028302ed4184","hash":"42d077fc63452eaf0e7655e27471cb282de94024","contentHash":"861bb14439cd97afee017a113f966a4d6eea86a65e31e103f8d28be688ce3657"}
}
