{"total": {"lines":{"total":37,"covered":21,"skipped":0,"pct":56.76},"statements":{"total":39,"covered":21,"skipped":0,"pct":53.85},"functions":{"total":10,"covered":3,"skipped":0,"pct":30},"branches":{"total":7,"covered":1,"skipped":0,"pct":14.29}}
,"D:\\2019\\egg\\app\\router.js": {"lines":{"total":4,"covered":4,"skipped":0,"pct":100},"functions":{"total":1,"covered":1,"skipped":0,"pct":100},"statements":{"total":4,"covered":4,"skipped":0,"pct":100},"branches":{"total":0,"covered":0,"skipped":0,"pct":100}}
,"D:\\2019\\egg\\app\\controller\\home.js": {"lines":{"total":3,"covered":2,"skipped":0,"pct":66.67},"functions":{"total":1,"covered":0,"skipped":0,"pct":0},"statements":{"total":3,"covered":2,"skipped":0,"pct":66.67},"branches":{"total":0,"covered":0,"skipped":0,"pct":100}}
,"D:\\2019\\egg\\app\\controller\\news.js": {"lines":{"total":6,"covered":2,"skipped":0,"pct":33.33},"functions":{"total":1,"covered":0,"skipped":0,"pct":0},"statements":{"total":6,"covered":2,"skipped":0,"pct":33.33},"branches":{"total":2,"covered":0,"skipped":0,"pct":0}}
,"D:\\2019\\egg\\app\\middleware\\robot.js": {"lines":{"total":8,"covered":4,"skipped":0,"pct":50},"functions":{"total":3,"covered":2,"skipped":0,"pct":66.67},"statements":{"total":9,"covered":4,"skipped":0,"pct":44.44},"branches":{"total":4,"covered":1,"skipped":0,"pct":25}}
,"D:\\2019\\egg\\app\\service\\news.js": {"lines":{"total":8,"covered":2,"skipped":0,"pct":25},"functions":{"total":3,"covered":0,"skipped":0,"pct":0},"statements":{"total":9,"covered":2,"skipped":0,"pct":22.22},"branches":{"total":1,"covered":0,"skipped":0,"pct":0}}
,"D:\\2019\\egg\\app\\service\\some.js": {"lines":{"total":3,"covered":2,"skipped":0,"pct":66.67},"functions":{"total":1,"covered":0,"skipped":0,"pct":0},"statements":{"total":3,"covered":2,"skipped":0,"pct":66.67},"branches":{"total":0,"covered":0,"skipped":0,"pct":100}}
,"D:\\2019\\egg\\config\\config.default.js": {"lines":{"total":4,"covered":4,"skipped":0,"pct":100},"functions":{"total":0,"covered":0,"skipped":0,"pct":100},"statements":{"total":4,"covered":4,"skipped":0,"pct":100},"branches":{"total":0,"covered":0,"skipped":0,"pct":100}}
,"D:\\2019\\egg\\config\\plugin.js": {"lines":{"total":1,"covered":1,"skipped":0,"pct":100},"functions":{"total":0,"covered":0,"skipped":0,"pct":100},"statements":{"total":1,"covered":1,"skipped":0,"pct":100},"branches":{"total":0,"covered":0,"skipped":0,"pct":100}}
}
